<?xml version="1.0" encoding="UTF-8"?>
<!-- Generated by org.testng.reporters.JUnitXMLReporter -->
<testsuite ignored="0" hostname="DESKTOP-IF4926E" failures="0" tests="2" name="Default test" time="37.31" errors="0" timestamp="2022-11-02T19:51:00 IST">
  <testcase classname="com.qa.freecrm.testcases.HomePageTest" name="verifyHomePageTitleTest" time="0.027"/>
  <testcase classname="com.qa.freecrm.testcases.HomePageTest" name="addContactsLandingPageTest" time="3.042"/>
</testsuite> <!-- Default test -->
