<?xml version="1.0" encoding="UTF-8"?>
<!-- Generated by org.testng.reporters.JUnitXMLReporter -->
<testsuite ignored="0" hostname="DESKTOP-IF4926E" failures="0" tests="3" name="Test" time="58.459" errors="0" timestamp="2022-11-08T14:18:59 IST">
  <testcase classname="com.qa.freecrm.testcases.LoginPageTest" name="loginTest" time="0.547"/>
  <testcase classname="com.qa.freecrm.testcases.HomePageTest" name="verifyHomePageTitleTest" time="0.02"/>
  <testcase classname="com.qa.freecrm.testcases.HomePageTest" name="addContactsLandingPageTest" time="6.344"/>
</testsuite> <!-- Test -->
